[debug] [2018-12-08T16:18:46.301Z] ----------------------------------------------------------------------
[debug] [2018-12-08T16:18:46.304Z] Command:       /usr/local/bin/node /usr/local/bin/firebase serve
[debug] [2018-12-08T16:18:46.305Z] CLI Version:   6.1.2
[debug] [2018-12-08T16:18:46.305Z] Platform:      darwin
[debug] [2018-12-08T16:18:46.305Z] Node Version:  v10.14.1
[debug] [2018-12-08T16:18:46.306Z] Time:          Sat Dec 08 2018 14:18:46 GMT-0200 (Brasilia Summer Time)
[debug] [2018-12-08T16:18:46.306Z] ----------------------------------------------------------------------
[debug] 
[debug] [2018-12-08T16:18:46.317Z] > command requires scopes: ["email","openid","https://www.googleapis.com/auth/cloudplatformprojects.readonly","https://www.googleapis.com/auth/firebase","https://www.googleapis.com/auth/cloud-platform"]
[debug] [2018-12-08T16:18:46.318Z] > authorizing via signed-in user
[debug] [2018-12-08T16:18:46.318Z] [iam] checking project devshare-224914 for permissions ["firebase.projects.get"]
[debug] [2018-12-08T16:18:46.320Z] >>> HTTP REQUEST POST https://cloudresourcemanager.googleapis.com/v1/projects/devshare-224914:testIamPermissions  

[debug] [2018-12-08T16:18:46.674Z] <<< HTTP RESPONSE 200
[debug] [2018-12-08T16:18:46.676Z] >>> HTTP REQUEST GET https://cloudresourcemanager.googleapis.com/v1/projects/devshare-224914  
 
[debug] [2018-12-08T16:18:47.677Z] <<< HTTP RESPONSE 200
[info] 
[info] === Serving from '/Users/hernanimattos/Documents/APPS/devshare'...
[info] 
[debug] [2018-12-08T16:18:48.901Z] Error: EACCES: permission denied, mkdir '/usr/local/lib/node_modules/firebase-tools/node_modules/@google-cloud/functions-emulator/logs'
    at Object.mkdirSync (fs.js:750:3)
    at Object.assertLogsPath (/usr/local/lib/node_modules/firebase-tools/node_modules/@google-cloud/functions-emulator/src/emulator/logs.js:65:10)
    at new Controller (/usr/local/lib/node_modules/firebase-tools/node_modules/@google-cloud/functions-emulator/src/cli/controller.js:77:32)
    at FunctionsEmulator.start (/usr/local/lib/node_modules/firebase-tools/lib/functionsEmulator.js:102:23)
    at Object.start (/usr/local/lib/node_modules/firebase-tools/lib/serve/functions.js:7:33)
    at /usr/local/lib/node_modules/firebase-tools/lib/serve/index.js:15:23
    at arrayMap (/usr/local/lib/node_modules/firebase-tools/node_modules/lodash/lodash.js:639:23)
    at Function.map (/usr/local/lib/node_modules/firebase-tools/node_modules/lodash/lodash.js:9556:14)
    at _serve (/usr/local/lib/node_modules/firebase-tools/lib/serve/index.js:13:26)
    at Command.module.exports.Command.description.option.option.option.option.before.action [as _action] (/usr/local/lib/node_modules/firebase-tools/lib/commands/serve.js:55:12)
[error] 
[error] Error: An unexpected error has occurred.
